  [1m[36m (116.4ms)[0m  [1mCREATE TABLE "schema_migrations" ("version" varchar NOT NULL) [0m
  [1m[35m (0.2ms)[0m  select sqlite_version(*)
  [1m[36m (123.9ms)[0m  [1mCREATE UNIQUE INDEX "unique_schema_migrations" ON "schema_migrations" ("version")[0m
  [1m[35mActiveRecord::SchemaMigration Load (0.3ms)[0m  SELECT "schema_migrations".* FROM "schema_migrations"


Started GET "/" for 127.0.0.1 at 2016-10-21 01:28:37 -0400
Processing by Rails::WelcomeController#index as HTML
  Rendered /home/highslater/.rbenv/versions/2.2.2/lib/ruby/gems/2.2.0/gems/railties-4.2.4/lib/rails/templates/rails/welcome/index.html.erb (2.8ms)
Completed 200 OK in 25ms (Views: 13.0ms | ActiveRecord: 0.0ms)
MONGODB | Adding localhost:27017 to the cluster.
MONGODB | localhost:27017 | raceday_development.insert | STARTED | {"insert"=>"racers", "documents"=>[{"number"=>0, "first_name"=>"SHAUN", "last_name"=>"JOHNSON", "gender"=>"M", "group"=>"15 to 19", "secs"=>1464, :_id=>BSON::ObjectId('5809af74017015361c515a73')}, {"number"=>1, "first_name"=>"TUAN", "last_name"=>"JOHN...
MONGODB | localhost:27017 | raceday_development.insert | SUCCEEDED | 0.378300988s
MONGODB | localhost:27017 | raceday_development.count | STARTED | {"count"=>"racers", "query"=>{}}
MONGODB | localhost:27017 | raceday_development.count | SUCCEEDED | 0.000540257s
MONGODB | Adding localhost:27017 to the cluster.
MONGODB | localhost:27017 | raceday_development.count | STARTED | {"count"=>"racers", "query"=>{}}
MONGODB | localhost:27017 | raceday_development.count | SUCCEEDED | 0.001114878s
MONGODB | localhost:27017 | raceday_development.find | STARTED | {"find"=>"racers", "filter"=>{}, "sort"=>{"number"=>1}, "skip"=>0}
MONGODB | localhost:27017 | raceday_development.find | SUCCEEDED | 0.010306321s
MONGODB | localhost:27017 | raceday_development.find | STARTED | {"find"=>"racers", "filter"=>{}, "sort"=>{"number"=>1}, "skip"=>0}
MONGODB | localhost:27017 | raceday_development.find | SUCCEEDED | 0.009597094s
MONGODB | localhost:27017 | raceday_development.find | STARTED | {"find"=>"racers", "filter"=>{}, "sort"=>{"number"=>1}, "skip"=>0}
MONGODB | localhost:27017 | raceday_development.find | SUCCEEDED | 0.009686918s
MONGODB | localhost:27017 | raceday_development.find | STARTED | {"find"=>"racers", "filter"=>{}, "sort"=>{"number"=>1}, "skip"=>0}
MONGODB | localhost:27017 | raceday_development.find | SUCCEEDED | 0.009650708000000001s
MONGODB | localhost:27017 | raceday_development.find | STARTED | {"find"=>"racers", "filter"=>{}, "sort"=>{"number"=>1}, "skip"=>0}
MONGODB | localhost:27017 | raceday_development.find | SUCCEEDED | 0.010458944999999999s
MONGODB | Adding localhost:27017 to the cluster.
MONGODB | localhost:27017 | raceday_development.count | STARTED | {"count"=>"racers", "query"=>{}}
MONGODB | localhost:27017 | raceday_development.count | SUCCEEDED | 0.001556191s
MONGODB | localhost:27017 | raceday_development.count | STARTED | {"count"=>"racers", "query"=>{"gender"=>"F"}}
MONGODB | localhost:27017 | raceday_development.count | SUCCEEDED | 0.00202499s
MONGODB | localhost:27017 | raceday_development.count | STARTED | {"count"=>"racers", "query"=>{"gender"=>"F"}}
MONGODB | localhost:27017 | raceday_development.count | SUCCEEDED | 0.001948646s
MONGODB | localhost:27017 | raceday_development.count | STARTED | {"count"=>"racers", "query"=>{"gender"=>"M"}}
MONGODB | localhost:27017 | raceday_development.count | SUCCEEDED | 0.002069032s
MONGODB | localhost:27017 | raceday_development.count | STARTED | {"count"=>"racers", "query"=>{}}
MONGODB | localhost:27017 | raceday_development.count | SUCCEEDED | 0.000548842s
MONGODB | localhost:27017 | raceday_development.count | STARTED | {"count"=>"racers", "query"=>{"gender"=>"F"}}
MONGODB | localhost:27017 | raceday_development.count | SUCCEEDED | 0.002060007s
MONGODB | localhost:27017 | raceday_development.count | STARTED | {"count"=>"racers", "query"=>{"gender"=>"F"}}
MONGODB | localhost:27017 | raceday_development.count | SUCCEEDED | 0.001903706s
MONGODB | localhost:27017 | raceday_development.count | STARTED | {"count"=>"racers", "query"=>{"gender"=>"F", "group"=>"50 to 59"}}
MONGODB | localhost:27017 | raceday_development.count | SUCCEEDED | 0.002469698s
MONGODB | localhost:27017 | raceday_development.find | STARTED | {"find"=>"racers", "filter"=>{"gender"=>"F", "group"=>"50 to 59"}, "sort"=>{"number"=>1}, "skip"=>0}
MONGODB | localhost:27017 | raceday_development.find | SUCCEEDED | 0.005563017s
MONGODB | localhost:27017 | raceday_development.find | STARTED | {"find"=>"racers", "filter"=>{"gender"=>"F", "group"=>"50 to 59"}, "sort"=>{"number"=>1}, "skip"=>0}
MONGODB | localhost:27017 | raceday_development.find | SUCCEEDED | 0.004767845s
MONGODB | localhost:27017 | raceday_development.find | STARTED | {"find"=>"racers", "filter"=>{"gender"=>"F", "group"=>"50 to 59"}, "sort"=>{"number"=>1}, "skip"=>0}
MONGODB | localhost:27017 | raceday_development.find | SUCCEEDED | 0.0050492079999999995s
MONGODB | localhost:27017 | raceday_development.find | STARTED | {"find"=>"racers", "filter"=>{"gender"=>"F", "group"=>"50 to 59"}, "sort"=>{"number"=>1}, "skip"=>0}
MONGODB | localhost:27017 | raceday_development.find | SUCCEEDED | 0.005593084s
MONGODB | localhost:27017 | raceday_development.find | STARTED | {"find"=>"racers", "filter"=>{"gender"=>"F", "group"=>"50 to 59"}, "sort"=>{"last_name"=>-1}, "skip"=>0, "limit"=>1}
MONGODB | localhost:27017 | raceday_development.find | SUCCEEDED | 0.002889053s
MONGODB | localhost:27017 | raceday_development.find | STARTED | {"find"=>"racers", "filter"=>{"gender"=>"F", "group"=>"50 to 59"}, "sort"=>{"last_name"=>-1}, "skip"=>0, "limit"=>1}
MONGODB | localhost:27017 | raceday_development.find | SUCCEEDED | 0.002827193s
MONGODB | localhost:27017 | raceday_development.find | STARTED | {"find"=>"racers", "filter"=>{"gender"=>"F", "group"=>"50 to 59"}, "sort"=>{"last_name"=>-1}, "skip"=>0, "limit"=>1}
MONGODB | localhost:27017 | raceday_development.find | SUCCEEDED | 0.002885164s
MONGODB | localhost:27017 | raceday_development.find | STARTED | {"find"=>"racers", "filter"=>{"gender"=>"F", "group"=>"50 to 59"}, "sort"=>{"last_name"=>-1}, "skip"=>0, "limit"=>1}
MONGODB | localhost:27017 | raceday_development.find | SUCCEEDED | 0.002800089s
MONGODB | localhost:27017 | raceday_development.find | STARTED | {"find"=>"racers", "filter"=>{"gender"=>"F", "group"=>"50 to 59"}, "sort"=>{"last_name"=>-1}, "skip"=>0, "limit"=>5}
MONGODB | localhost:27017 | raceday_development.find | SUCCEEDED | 0.002972664s
MONGODB | localhost:27017 | raceday_development.find | STARTED | {"find"=>"racers", "filter"=>{"gender"=>"F", "group"=>"50 to 59"}, "sort"=>{"last_name"=>-1}, "skip"=>0, "limit"=>5}
MONGODB | localhost:27017 | raceday_development.find | SUCCEEDED | 0.003112804s
MONGODB | localhost:27017 | raceday_development.find | STARTED | {"find"=>"racers", "filter"=>{"gender"=>"F", "group"=>"50 to 59"}, "sort"=>{"last_name"=>1}, "skip"=>0, "limit"=>5}
MONGODB | localhost:27017 | raceday_development.find | SUCCEEDED | 0.0030781330000000003s
MONGODB | localhost:27017 | raceday_development.find | STARTED | {"find"=>"racers", "filter"=>{}, "sort"=>{"number"=>1}, "skip"=>0}
MONGODB | localhost:27017 | raceday_development.find | SUCCEEDED | 0.010756152s
MONGODB | localhost:27017 | raceday_development.find | STARTED | {"find"=>"racers", "filter"=>{}}
MONGODB | localhost:27017 | raceday_development.find | SUCCEEDED | 0.004451557s
MONGODB | localhost:27017 | raceday_development.find | STARTED | {"find"=>"racers", "filter"=>{}, "sort"=>{"number"=>1}, "skip"=>0}
MONGODB | localhost:27017 | raceday_development.find | SUCCEEDED | 0.009432387s
MONGODB | Adding localhost:27017 to the cluster.
MONGODB | localhost:27017 | raceday_development.find | STARTED | {"find"=>"racers", "filter"=>{}, "sort"=>{"number"=>1}, "skip"=>0}
MONGODB | localhost:27017 | raceday_development.find | SUCCEEDED | 0.010981284000000001s
MONGODB | Adding localhost:27017 to the cluster.
MONGODB | localhost:27017 | raceday_development.find | STARTED | {"find"=>"racers", "filter"=>{}, "sort"=>{"number"=>1}, "skip"=>0}
MONGODB | localhost:27017 | raceday_development.find | SUCCEEDED | 0.011562863999999999s
MONGODB | Adding localhost:27017 to the cluster.
MONGODB | localhost:27017 | raceday_development.find | STARTED | {"find"=>"racers", "filter"=>{}, "sort"=>{"number"=>1}, "skip"=>0}
MONGODB | localhost:27017 | raceday_development.find | SUCCEEDED | 0.010465064s
MONGODB | Adding localhost:27017 to the cluster.
MONGODB | localhost:27017 | raceday_development.find | STARTED | {"find"=>"racers", "filter"=>{}, "sort"=>{"number"=>1}, "skip"=>0}
MONGODB | localhost:27017 | raceday_development.find | SUCCEEDED | 0.008432334000000001s
MONGODB | Adding localhost:27017 to the cluster.
MONGODB | localhost:27017 | raceday_development.find | STARTED | {"find"=>"racers", "filter"=>{}, "sort"=>{"number"=>1}, "skip"=>0}
MONGODB | localhost:27017 | raceday_development.find | SUCCEEDED | 0.010034951s
MONGODB | Adding localhost:27017 to the cluster.
MONGODB | localhost:27017 | raceday_development.find | STARTED | {"find"=>"racers", "filter"=>{}, "sort"=>{"number"=>1}, "skip"=>0}
MONGODB | localhost:27017 | raceday_development.find | SUCCEEDED | 0.011718848s
MONGODB | Adding localhost:27017 to the cluster.
MONGODB | localhost:27017 | raceday_development.find | STARTED | {"find"=>"racers", "filter"=>{}, "sort"=>{"number"=>1}, "skip"=>0}
MONGODB | localhost:27017 | raceday_development.find | SUCCEEDED | 0.010568094s
MONGODB | localhost:27017 | raceday_development.find | STARTED | {"find"=>"racers", "filter"=>{"_id"=>BSON::ObjectId('5809af74017015361c515a73')}}
MONGODB | localhost:27017 | raceday_development.find | SUCCEEDED | 0.000679776s
MONGODB | localhost:27017 | raceday_development.find | STARTED | {"find"=>"racers", "filter"=>{"_id"=>BSON::ObjectId('5809af74017015361c515a73')}}
MONGODB | localhost:27017 | raceday_development.find | SUCCEEDED | 0.000675414s
MONGODB | localhost:27017 | raceday_development.find | STARTED | {"find"=>"racers", "filter"=>{}, "sort"=>{"number"=>1}, "skip"=>0}
MONGODB | localhost:27017 | raceday_development.find | SUCCEEDED | 0.009715062s
MONGODB | localhost:27017 | raceday_development.find | STARTED | {"find"=>"racers", "filter"=>{}, "sort"=>{"number"=>1}, "skip"=>0}
MONGODB | localhost:27017 | raceday_development.find | SUCCEEDED | 0.009228175s
MONGODB | localhost:27017 | raceday_development.find | STARTED | {"find"=>"racers", "filter"=>{"_id"=>BSON::ObjectId('5809af74017015361c515a73')}}
MONGODB | localhost:27017 | raceday_development.find | SUCCEEDED | 0.000777504s
MONGODB | localhost:27017 | raceday_development.find | STARTED | {"find"=>"racers", "filter"=>{"_id"=>BSON::ObjectId('5809af74017015361c515a73')}}
MONGODB | localhost:27017 | raceday_development.find | SUCCEEDED | 0.00068643s
MONGODB | Adding localhost:27017 to the cluster.
MONGODB | localhost:27017 | raceday_development.count | STARTED | {"count"=>"racers", "query"=>{}}
MONGODB | localhost:27017 | raceday_development.count | SUCCEEDED | 0.001423662s
MONGODB | localhost:27017 | raceday_development.find | STARTED | {"find"=>"racers", "filter"=>{}, "sort"=>{"number"=>1}, "skip"=>0}
MONGODB | localhost:27017 | raceday_development.find | SUCCEEDED | 0.010476878s
MONGODB | localhost:27017 | raceday_development.find | STARTED | {"find"=>"racers", "filter"=>{"_id"=>BSON::ObjectId('5809af74017015361c515a73')}}
MONGODB | localhost:27017 | raceday_development.find | SUCCEEDED | 0.0008697679999999999s
MONGODB | localhost:27017 | raceday_development.find | STARTED | {"find"=>"racers", "filter"=>{}, "sort"=>{"number"=>1}, "skip"=>0}
MONGODB | localhost:27017 | raceday_development.find | SUCCEEDED | 0.01010778s
MONGODB | Adding localhost:27017 to the cluster.
MONGODB | localhost:27017 | raceday_development.count | STARTED | {"count"=>"racers", "query"=>{}}
MONGODB | localhost:27017 | raceday_development.count | SUCCEEDED | 0.001277619s
MONGODB | localhost:27017 | raceday_development.find | STARTED | {"find"=>"racers", "filter"=>{}, "sort"=>{"number"=>1}, "skip"=>0}
MONGODB | localhost:27017 | raceday_development.find | SUCCEEDED | 0.010180024000000001s
MONGODB | localhost:27017 | raceday_development.find | STARTED | {"find"=>"racers", "filter"=>{"_id"=>BSON::ObjectId('5809af74017015361c515a73')}}
MONGODB | localhost:27017 | raceday_development.find | SUCCEEDED | 0.00068558s
MONGODB | localhost:27017 | raceday_development.find | STARTED | {"find"=>"racers", "filter"=>{}, "sort"=>{"number"=>1}, "skip"=>0}
MONGODB | localhost:27017 | raceday_development.find | SUCCEEDED | 0.010083169s
MONGODB | Adding localhost:27017 to the cluster.
MONGODB | localhost:27017 | raceday_development.find | STARTED | {"find"=>"racers", "filter"=>{}, "sort"=>{"number"=>1}, "skip"=>0}
MONGODB | localhost:27017 | raceday_development.find | SUCCEEDED | 0.022876243999999997s
MONGODB | localhost:27017 | raceday_development.find | STARTED | {"find"=>"racers", "filter"=>{"_id"=>BSON::ObjectId('5809af74017015361c515a73')}}
MONGODB | localhost:27017 | raceday_development.find | SUCCEEDED | 0.000805921s
MONGODB | Adding localhost:27017 to the cluster.
MONGODB | localhost:27017 | raceday_development.find | STARTED | {"find"=>"racers", "filter"=>{}, "sort"=>{"number"=>1}, "skip"=>0}
MONGODB | localhost:27017 | raceday_development.find | SUCCEEDED | 0.008404512s
MONGODB | Adding localhost:27017 to the cluster.
MONGODB | localhost:27017 | raceday_development.find | STARTED | {"find"=>"racers", "filter"=>{}, "sort"=>{"number"=>1}, "skip"=>0}
MONGODB | localhost:27017 | raceday_development.find | SUCCEEDED | 0.019817845s
MONGODB | localhost:27017 | raceday_development.find | STARTED | {"find"=>"racers", "filter"=>{"_id"=>"5809af74017015361c515a73"}}
MONGODB | localhost:27017 | raceday_development.find | SUCCEEDED | 0.000784965s
MONGODB | localhost:27017 | raceday_development.find | STARTED | {"find"=>"racers", "filter"=>{"_id"=>"5809af74017015361c515a73"}}
MONGODB | localhost:27017 | raceday_development.find | SUCCEEDED | 0.0006150659999999999s
MONGODB | localhost:27017 | raceday_development.find | STARTED | {"find"=>"racers", "filter"=>{"_id"=>BSON::ObjectId('5809af74017015361c515a73')}}
MONGODB | localhost:27017 | raceday_development.find | SUCCEEDED | 0.000803509s
MONGODB | localhost:27017 | raceday_development.find | STARTED | {"find"=>"racers", "filter"=>{"_id"=>BSON::ObjectId('5809af74017015361c515a73')}}
MONGODB | localhost:27017 | raceday_development.find | SUCCEEDED | 0.0007636219999999999s
MONGODB | localhost:27017 | raceday_development.find | STARTED | {"find"=>"racers", "filter"=>{"_id"=>"5809af74017015361c515a73"}}
MONGODB | localhost:27017 | raceday_development.find | SUCCEEDED | 0.0006093419999999999s
MONGODB | localhost:27017 | raceday_development.find | STARTED | {"find"=>"racers", "filter"=>{"_id"=>"5809af74017015361c515a73"}}
MONGODB | localhost:27017 | raceday_development.find | SUCCEEDED | 0.000634544s
MONGODB | localhost:27017 | raceday_development.find | STARTED | {"find"=>"racers", "filter"=>{"_id"=>"5809af74017015361c515a73"}}
MONGODB | localhost:27017 | raceday_development.find | SUCCEEDED | 0.000648642s
MONGODB | localhost:27017 | raceday_development.find | STARTED | {"find"=>"racers", "filter"=>{"_id"=>"5809af74017015361c515a73"}}
MONGODB | localhost:27017 | raceday_development.find | SUCCEEDED | 0.0006194330000000001s
MONGODB | localhost:27017 | raceday_development.find | STARTED | {"find"=>"racers", "filter"=>{"_id"=>"5809af74017015361c515a73"}}
MONGODB | localhost:27017 | raceday_development.find | SUCCEEDED | 0.000610945s
MONGODB | localhost:27017 | raceday_development.find | STARTED | {"find"=>"racers", "filter"=>{"_id"=>"{\"_id\"=>BSON::ObjectId('5809af74017015361c515a73'), \"number\"=>0, \"first_name\"=>\"SHAUN\", \"last_name\"=>\"JOHNSON\", \"gender\"=>\"M\", \"group\"=>\"15 to 19\", \"secs\"=>1464}"}}
MONGODB | localhost:27017 | raceday_development.find | SUCCEEDED | 0.0006277030000000001s
MONGODB | localhost:27017 | raceday_development.find | STARTED | {"find"=>"racers", "filter"=>{"_id"=>"{\"_id\"=>BSON::ObjectId('5809af74017015361c515a73'), \"number\"=>0, \"first_name\"=>\"SHAUN\", \"last_name\"=>\"JOHNSON\", \"gender\"=>\"M\", \"group\"=>\"15 to 19\", \"secs\"=>1464}"}}
MONGODB | localhost:27017 | raceday_development.find | SUCCEEDED | 0.000658064s
MONGODB | localhost:27017 | raceday_development.find | STARTED | {"find"=>"racers", "filter"=>{"_id"=>"{\"_id\"=>BSON::ObjectId('5809af74017015361c515a73'), \"number\"=>0, \"first_name\"=>\"SHAUN\", \"last_name\"=>\"JOHNSON\", \"gender\"=>\"M\", \"group\"=>\"15 to 19\", \"secs\"=>1464}"}}
MONGODB | localhost:27017 | raceday_development.find | SUCCEEDED | 0.0006149809999999999s
MONGODB | localhost:27017 | raceday_development.find | STARTED | {"find"=>"racers", "filter"=>{"_id"=>"{\"_id\"=>BSON::ObjectId('5809af74017015361c515a73'), \"number\"=>0, \"first_name\"=>\"SHAUN\", \"last_name\"=>\"JOHNSON\", \"gender\"=>\"M\", \"group\"=>\"15 to 19\", \"secs\"=>1464}"}}
MONGODB | localhost:27017 | raceday_development.find | SUCCEEDED | 0.0006086059999999999s
MONGODB | Adding localhost:27017 to the cluster.
MONGODB | localhost:27017 | raceday_development.find | STARTED | {"find"=>"racers", "filter"=>{}, "sort"=>{"number"=>1}, "skip"=>0}
MONGODB | localhost:27017 | raceday_development.find | SUCCEEDED | 0.010954114s
MONGODB | localhost:27017 | raceday_development.find | STARTED | {"find"=>"racers", "filter"=>{"_id"=>BSON::ObjectId('5809af74017015361c515a73')}}
MONGODB | localhost:27017 | raceday_development.find | SUCCEEDED | 0.0006855790000000001s
MONGODB | localhost:27017 | raceday_development.find | STARTED | {"find"=>"racers", "filter"=>{"_id"=>BSON::ObjectId('5809af74017015361c515a73')}}
MONGODB | localhost:27017 | raceday_development.find | SUCCEEDED | 0.000810776s
MONGODB | localhost:27017 | raceday_development.find | STARTED | {"find"=>"racers", "filter"=>{"_id"=>BSON::ObjectId('5809af74017015361c515a73')}}
MONGODB | localhost:27017 | raceday_development.find | SUCCEEDED | 0.000780239s
MONGODB | localhost:27017 | raceday_development.find | STARTED | {"find"=>"racers", "filter"=>{"_id"=>BSON::ObjectId('5809af74017015361c515a73')}}
MONGODB | localhost:27017 | raceday_development.find | SUCCEEDED | 0.0006892339999999999s
MONGODB | localhost:27017 | raceday_development.find | STARTED | {"find"=>"racers", "filter"=>{"_id"=>BSON::ObjectId('5809af74017015361c515a73')}}
MONGODB | localhost:27017 | raceday_development.find | SUCCEEDED | 0.000683013s
MONGODB | localhost:27017 | raceday_development.find | STARTED | {"find"=>"racers", "filter"=>{"_id"=>BSON::ObjectId('5809af74017015361c515a73')}}
MONGODB | localhost:27017 | raceday_development.find | SUCCEEDED | 0.000793899s
MONGODB | Adding localhost:27017 to the cluster.
MONGODB | localhost:27017 | raceday_development.find | STARTED | {"find"=>"racers", "filter"=>{}, "sort"=>{"number"=>1}, "skip"=>0}
MONGODB | localhost:27017 | raceday_development.find | SUCCEEDED | 0.008236537s
MONGODB | localhost:27017 | raceday_development.find | STARTED | {"find"=>"racers", "filter"=>{"_id"=>BSON::ObjectId('5809af74017015361c515a73')}}
MONGODB | localhost:27017 | raceday_development.find | SUCCEEDED | 0.000670501s
MONGODB | localhost:27017 | raceday_development.find | STARTED | {"find"=>"racers", "filter"=>{"_id"=>BSON::ObjectId('5809af74017015361c515a73')}}
MONGODB | localhost:27017 | raceday_development.find | SUCCEEDED | 0.000668002s
MONGODB | localhost:27017 | raceday_development.find | STARTED | {"find"=>"racers", "filter"=>{"_id"=>BSON::ObjectId('5809af74017015361c515a73')}}
MONGODB | localhost:27017 | raceday_development.find | SUCCEEDED | 0.000674376s
MONGODB | localhost:27017 | raceday_development.find | STARTED | {"find"=>"racers", "filter"=>{"_id"=>BSON::ObjectId('5809af74017015361c515a73')}}
MONGODB | localhost:27017 | raceday_development.find | SUCCEEDED | 0.000775849s


Started GET "/" for 127.0.0.1 at 2016-10-22 16:51:20 -0400
Processing by RacersController#index as HTML
MONGODB | Adding localhost:27017 to the cluster.
MONGODB | localhost:27017 | raceday_development.find | STARTED | {"find"=>"racers", "filter"=>{}, "sort"=>{"number"=>1}, "skip"=>0}
MONGODB | localhost:27017 | raceday_development.find | SUCCEEDED | 0.008260374000000001s
  Rendered racers/index.html.erb within layouts/application (20.2ms)
Completed 500 Internal Server Error in 88ms (ActiveRecord: 0.0ms)

ActionView::Template::Error (undefined method `number' for #<BSON::Document:0x007fa174df4e50>):
    18:   <tbody>
    19:     <% @racers.each do |racer| %>
    20:       <tr>
    21:         <td><%= racer.number %></td>
    22:         <td><%= racer.first_name %></td>
    23:         <td><%= racer.last_name %></td>
    24:         <td><%= racer.gender %></td>
  app/views/racers/index.html.erb:21:in `block in _app_views_racers_index_html_erb___1009969594006864541_70165712756020'
  app/views/racers/index.html.erb:19:in `_app_views_racers_index_html_erb___1009969594006864541_70165712756020'


  Rendered /home/highslater/.rbenv/versions/2.2.2/lib/ruby/gems/2.2.0/gems/actionpack-4.2.4/lib/action_dispatch/middleware/templates/rescues/_source.erb (11.1ms)
  Rendered /home/highslater/.rbenv/versions/2.2.2/lib/ruby/gems/2.2.0/gems/actionpack-4.2.4/lib/action_dispatch/middleware/templates/rescues/_trace.html.erb (4.0ms)
  Rendered /home/highslater/.rbenv/versions/2.2.2/lib/ruby/gems/2.2.0/gems/actionpack-4.2.4/lib/action_dispatch/middleware/templates/rescues/_request_and_response.html.erb (1.4ms)
  Rendered /home/highslater/.rbenv/versions/2.2.2/lib/ruby/gems/2.2.0/gems/actionpack-4.2.4/lib/action_dispatch/middleware/templates/rescues/template_error.html.erb within rescues/layout (40.2ms)
  Rendered /home/highslater/.rbenv/versions/2.2.2/lib/ruby/gems/2.2.0/gems/web-console-2.3.0/lib/web_console/templates/_markup.html.erb (0.6ms)
  Rendered /home/highslater/.rbenv/versions/2.2.2/lib/ruby/gems/2.2.0/gems/web-console-2.3.0/lib/web_console/templates/_inner_console_markup.html.erb within layouts/inlined_string (0.8ms)
  Rendered /home/highslater/.rbenv/versions/2.2.2/lib/ruby/gems/2.2.0/gems/web-console-2.3.0/lib/web_console/templates/_prompt_box_markup.html.erb within layouts/inlined_string (0.4ms)
  Rendered /home/highslater/.rbenv/versions/2.2.2/lib/ruby/gems/2.2.0/gems/web-console-2.3.0/lib/web_console/templates/style.css.erb within layouts/inlined_string (0.4ms)
  Rendered /home/highslater/.rbenv/versions/2.2.2/lib/ruby/gems/2.2.0/gems/web-console-2.3.0/lib/web_console/templates/console.js.erb within layouts/javascript (47.4ms)
  Rendered /home/highslater/.rbenv/versions/2.2.2/lib/ruby/gems/2.2.0/gems/web-console-2.3.0/lib/web_console/templates/main.js.erb within layouts/javascript (0.4ms)
  Rendered /home/highslater/.rbenv/versions/2.2.2/lib/ruby/gems/2.2.0/gems/web-console-2.3.0/lib/web_console/templates/error_page.js.erb within layouts/javascript (0.6ms)
  Rendered /home/highslater/.rbenv/versions/2.2.2/lib/ruby/gems/2.2.0/gems/web-console-2.3.0/lib/web_console/templates/index.html.erb (97.8ms)


Started GET "/" for 127.0.0.1 at 2016-10-22 16:54:52 -0400
Processing by RacersController#index as HTML
MONGODB | localhost:27017 | raceday_development.find | STARTED | {"find"=>"racers", "filter"=>{}, "sort"=>{"number"=>1}, "skip"=>0}
MONGODB | localhost:27017 | raceday_development.find | SUCCEEDED | 0.006542938000000001s
  Rendered racers/index.html.erb within layouts/application (10.2ms)
Completed 500 Internal Server Error in 17ms (ActiveRecord: 0.0ms)

ActionView::Template::Error (undefined method `number' for #<BSON::Document:0x007fa176fa2ae8>):
    18:   <tbody>
    19:     <% @racers.each do |racer| %>
    20:       <tr>
    21:         <td><%= racer.number %></td>
    22:         <td><%= racer.first_name %></td>
    23:         <td><%= racer.last_name %></td>
    24:         <td><%= racer.gender %></td>
  app/views/racers/index.html.erb:21:in `block in _app_views_racers_index_html_erb___1009969594006864541_70165712756020'
  app/views/racers/index.html.erb:19:in `_app_views_racers_index_html_erb___1009969594006864541_70165712756020'


  Rendered /home/highslater/.rbenv/versions/2.2.2/lib/ruby/gems/2.2.0/gems/actionpack-4.2.4/lib/action_dispatch/middleware/templates/rescues/_source.erb (10.7ms)
  Rendered /home/highslater/.rbenv/versions/2.2.2/lib/ruby/gems/2.2.0/gems/actionpack-4.2.4/lib/action_dispatch/middleware/templates/rescues/_trace.html.erb (4.0ms)
  Rendered /home/highslater/.rbenv/versions/2.2.2/lib/ruby/gems/2.2.0/gems/actionpack-4.2.4/lib/action_dispatch/middleware/templates/rescues/_request_and_response.html.erb (1.4ms)
  Rendered /home/highslater/.rbenv/versions/2.2.2/lib/ruby/gems/2.2.0/gems/actionpack-4.2.4/lib/action_dispatch/middleware/templates/rescues/template_error.html.erb within rescues/layout (38.6ms)
  Rendered /home/highslater/.rbenv/versions/2.2.2/lib/ruby/gems/2.2.0/gems/web-console-2.3.0/lib/web_console/templates/_markup.html.erb (0.5ms)
  Rendered /home/highslater/.rbenv/versions/2.2.2/lib/ruby/gems/2.2.0/gems/web-console-2.3.0/lib/web_console/templates/_inner_console_markup.html.erb within layouts/inlined_string (0.5ms)
  Rendered /home/highslater/.rbenv/versions/2.2.2/lib/ruby/gems/2.2.0/gems/web-console-2.3.0/lib/web_console/templates/_prompt_box_markup.html.erb within layouts/inlined_string (0.3ms)
  Rendered /home/highslater/.rbenv/versions/2.2.2/lib/ruby/gems/2.2.0/gems/web-console-2.3.0/lib/web_console/templates/style.css.erb within layouts/inlined_string (0.5ms)
  Rendered /home/highslater/.rbenv/versions/2.2.2/lib/ruby/gems/2.2.0/gems/web-console-2.3.0/lib/web_console/templates/console.js.erb within layouts/javascript (26.1ms)
  Rendered /home/highslater/.rbenv/versions/2.2.2/lib/ruby/gems/2.2.0/gems/web-console-2.3.0/lib/web_console/templates/main.js.erb within layouts/javascript (0.4ms)
  Rendered /home/highslater/.rbenv/versions/2.2.2/lib/ruby/gems/2.2.0/gems/web-console-2.3.0/lib/web_console/templates/error_page.js.erb within layouts/javascript (0.5ms)
  Rendered /home/highslater/.rbenv/versions/2.2.2/lib/ruby/gems/2.2.0/gems/web-console-2.3.0/lib/web_console/templates/index.html.erb (50.7ms)


Started GET "/" for 127.0.0.1 at 2016-10-22 16:56:13 -0400
Processing by RacersController#index as HTML
MONGODB | localhost:27017 | raceday_development.find | STARTED | {"find"=>"racers", "filter"=>{}, "sort"=>{"number"=>1}, "skip"=>0}
MONGODB | localhost:27017 | raceday_development.find | SUCCEEDED | 0.005168514999999999s
MONGODB | localhost:27017 | raceday_development.getMore | STARTED | {"getMore"=>59727699345, "collection"=>"racers"}
MONGODB | localhost:27017 | raceday_development.getMore | SUCCEEDED | 0.018051867s
  Rendered racers/index.html.erb within layouts/application (331.3ms)
Completed 200 OK in 782ms (Views: 780.8ms | ActiveRecord: 0.0ms)


Started GET "/assets/application.self-e80e8f2318043e8af94dddc2adad5a4f09739a8ebb323b3ab31cd71d45fd9113.css?body=1" for 127.0.0.1 at 2016-10-22 16:56:14 -0400


Started GET "/assets/jquery.self-bd7ddd393353a8d2480a622e80342adf488fb6006d667e8b42e4c0073393abee.js?body=1" for 127.0.0.1 at 2016-10-22 16:56:14 -0400


Started GET "/assets/turbolinks.self-c5acd7a204f5f25ce7a1d8a0e4d92e28d34c9e2df2c7371cd7af88e147e4ad82.js?body=1" for 127.0.0.1 at 2016-10-22 16:56:14 -0400


Started GET "/assets/jquery_ujs.self-784a997f6726036b1993eb2217c9cb558e1cbb801c6da88105588c56f13b466a.js?body=1" for 127.0.0.1 at 2016-10-22 16:56:14 -0400


Started GET "/assets/application.self-3b8dabdc891efe46b9a144b400ad69e37d7e5876bdc39dee783419a69d7ca819.js?body=1" for 127.0.0.1 at 2016-10-22 16:56:14 -0400


Started GET "/racers/5809af74017015361c515a73" for 127.0.0.1 at 2016-10-22 17:01:52 -0400
Processing by RacersController#show as HTML
  Parameters: {"id"=>"5809af74017015361c515a73"}
MONGODB | localhost:27017 | raceday_development.find | STARTED | {"find"=>"racers", "filter"=>{"_id"=>BSON::ObjectId('5809af74017015361c515a73')}}
MONGODB | localhost:27017 | raceday_development.find | SUCCEEDED | 0.000511538s
  Rendered racers/show.html.erb within layouts/application (1.2ms)
Completed 200 OK in 72ms (Views: 70.0ms | ActiveRecord: 0.0ms)


Started GET "/racers" for 127.0.0.1 at 2016-10-22 17:01:55 -0400
Processing by RacersController#index as HTML
MONGODB | localhost:27017 | raceday_development.find | STARTED | {"find"=>"racers", "filter"=>{}, "sort"=>{"number"=>1}, "skip"=>0}
MONGODB | localhost:27017 | raceday_development.find | SUCCEEDED | 0.00643949s
MONGODB | localhost:27017 | raceday_development.getMore | STARTED | {"getMore"=>59739281579, "collection"=>"racers"}
MONGODB | localhost:27017 | raceday_development.getMore | SUCCEEDED | 0.030403438s
  Rendered racers/index.html.erb within layouts/application (474.8ms)
Completed 200 OK in 493ms (Views: 492.5ms | ActiveRecord: 0.0ms)


Started GET "/racers/5809af74017015361c515a73/edit" for 127.0.0.1 at 2016-10-22 17:01:59 -0400
Processing by RacersController#edit as HTML
  Parameters: {"id"=>"5809af74017015361c515a73"}
MONGODB | localhost:27017 | raceday_development.find | STARTED | {"find"=>"racers", "filter"=>{"_id"=>BSON::ObjectId('5809af74017015361c515a73')}}
MONGODB | localhost:27017 | raceday_development.find | SUCCEEDED | 0.000745832s
  Rendered racers/_form.html.erb (17.6ms)
  Rendered racers/edit.html.erb within layouts/application (19.6ms)
Completed 200 OK in 40ms (Views: 36.6ms | ActiveRecord: 0.0ms)


Started GET "/racers" for 127.0.0.1 at 2016-10-22 17:02:03 -0400
Processing by RacersController#index as HTML
MONGODB | localhost:27017 | raceday_development.find | STARTED | {"find"=>"racers", "filter"=>{}, "sort"=>{"number"=>1}, "skip"=>0}
MONGODB | localhost:27017 | raceday_development.find | SUCCEEDED | 0.008998554s
MONGODB | localhost:27017 | raceday_development.getMore | STARTED | {"getMore"=>59851262976, "collection"=>"racers"}
MONGODB | localhost:27017 | raceday_development.getMore | SUCCEEDED | 0.016553127s
  Rendered racers/index.html.erb within layouts/application (327.8ms)
Completed 200 OK in 347ms (Views: 345.8ms | ActiveRecord: 0.0ms)


Started GET "/racers" for 127.0.0.1 at 2016-10-22 17:02:09 -0400
Processing by RacersController#index as HTML
MONGODB | localhost:27017 | raceday_development.find | STARTED | {"find"=>"racers", "filter"=>{}, "sort"=>{"number"=>1}, "skip"=>0}
MONGODB | localhost:27017 | raceday_development.find | SUCCEEDED | 0.004399864999999999s
MONGODB | localhost:27017 | raceday_development.getMore | STARTED | {"getMore"=>59704771672, "collection"=>"racers"}
MONGODB | localhost:27017 | raceday_development.getMore | SUCCEEDED | 0.033897017s
  Rendered racers/index.html.erb within layouts/application (334.5ms)
Completed 200 OK in 354ms (Views: 352.4ms | ActiveRecord: 0.0ms)


Started GET "/assets/application.self-e80e8f2318043e8af94dddc2adad5a4f09739a8ebb323b3ab31cd71d45fd9113.css?body=1" for 127.0.0.1 at 2016-10-22 17:02:10 -0400


Started GET "/assets/jquery_ujs.self-784a997f6726036b1993eb2217c9cb558e1cbb801c6da88105588c56f13b466a.js?body=1" for 127.0.0.1 at 2016-10-22 17:02:10 -0400


Started GET "/assets/turbolinks.self-c5acd7a204f5f25ce7a1d8a0e4d92e28d34c9e2df2c7371cd7af88e147e4ad82.js?body=1" for 127.0.0.1 at 2016-10-22 17:02:10 -0400


Started GET "/assets/jquery.self-bd7ddd393353a8d2480a622e80342adf488fb6006d667e8b42e4c0073393abee.js?body=1" for 127.0.0.1 at 2016-10-22 17:02:10 -0400


Started GET "/assets/application.self-3b8dabdc891efe46b9a144b400ad69e37d7e5876bdc39dee783419a69d7ca819.js?body=1" for 127.0.0.1 at 2016-10-22 17:02:10 -0400


Started GET "/racers" for 127.0.0.1 at 2016-10-22 17:16:39 -0400
Processing by RacersController#index as HTML
MONGODB | localhost:27017 | raceday_development.find | STARTED | {"find"=>"racers", "filter"=>{}, "sort"=>{"number"=>1}, "skip"=>0}
MONGODB | localhost:27017 | raceday_development.find | SUCCEEDED | 0.005551106s
MONGODB | localhost:27017 | raceday_development.getMore | STARTED | {"getMore"=>57659403721, "collection"=>"racers"}
MONGODB | localhost:27017 | raceday_development.getMore | SUCCEEDED | 0.017902056s
  Rendered racers/index.html.erb within layouts/application (344.1ms)
Completed 200 OK in 363ms (Views: 362.4ms | ActiveRecord: 0.0ms)


Started GET "/assets/jquery.self-bd7ddd393353a8d2480a622e80342adf488fb6006d667e8b42e4c0073393abee.js?body=1" for 127.0.0.1 at 2016-10-22 17:16:39 -0400


Started GET "/assets/application.self-e80e8f2318043e8af94dddc2adad5a4f09739a8ebb323b3ab31cd71d45fd9113.css?body=1" for 127.0.0.1 at 2016-10-22 17:16:39 -0400


Started GET "/assets/application.self-3b8dabdc891efe46b9a144b400ad69e37d7e5876bdc39dee783419a69d7ca819.js?body=1" for 127.0.0.1 at 2016-10-22 17:16:39 -0400


Started GET "/assets/jquery_ujs.self-784a997f6726036b1993eb2217c9cb558e1cbb801c6da88105588c56f13b466a.js?body=1" for 127.0.0.1 at 2016-10-22 17:16:39 -0400


Started GET "/assets/turbolinks.self-c5acd7a204f5f25ce7a1d8a0e4d92e28d34c9e2df2c7371cd7af88e147e4ad82.js?body=1" for 127.0.0.1 at 2016-10-22 17:16:39 -0400


Started GET "/racers" for 127.0.0.1 at 2016-10-22 17:16:53 -0400
Processing by RacersController#index as HTML
MONGODB | localhost:27017 | raceday_development.find | STARTED | {"find"=>"racers", "filter"=>{}, "sort"=>{"number"=>1}, "skip"=>0}
MONGODB | localhost:27017 | raceday_development.find | SUCCEEDED | 0.004491439s
MONGODB | localhost:27017 | raceday_development.getMore | STARTED | {"getMore"=>57658874042, "collection"=>"racers"}
MONGODB | localhost:27017 | raceday_development.getMore | SUCCEEDED | 0.036871190000000005s
  Rendered racers/index.html.erb within layouts/application (348.3ms)
Completed 200 OK in 366ms (Views: 365.4ms | ActiveRecord: 0.0ms)


Started GET "/assets/application.self-e80e8f2318043e8af94dddc2adad5a4f09739a8ebb323b3ab31cd71d45fd9113.css?body=1" for 127.0.0.1 at 2016-10-22 17:16:53 -0400


Started GET "/assets/turbolinks.self-c5acd7a204f5f25ce7a1d8a0e4d92e28d34c9e2df2c7371cd7af88e147e4ad82.js?body=1" for 127.0.0.1 at 2016-10-22 17:16:53 -0400


Started GET "/assets/jquery_ujs.self-784a997f6726036b1993eb2217c9cb558e1cbb801c6da88105588c56f13b466a.js?body=1" for 127.0.0.1 at 2016-10-22 17:16:53 -0400


Started GET "/assets/jquery.self-bd7ddd393353a8d2480a622e80342adf488fb6006d667e8b42e4c0073393abee.js?body=1" for 127.0.0.1 at 2016-10-22 17:16:53 -0400


Started GET "/assets/application.self-3b8dabdc891efe46b9a144b400ad69e37d7e5876bdc39dee783419a69d7ca819.js?body=1" for 127.0.0.1 at 2016-10-22 17:16:53 -0400


Started GET "/racers" for 127.0.0.1 at 2016-10-22 17:17:12 -0400
Processing by RacersController#index as HTML
MONGODB | localhost:27017 | raceday_development.find | STARTED | {"find"=>"racers", "filter"=>{}, "sort"=>{"number"=>1}, "skip"=>0}
MONGODB | localhost:27017 | raceday_development.find | SUCCEEDED | 0.006864454000000001s
MONGODB | localhost:27017 | raceday_development.getMore | STARTED | {"getMore"=>59275235553, "collection"=>"racers"}
MONGODB | localhost:27017 | raceday_development.getMore | SUCCEEDED | 0.01870242s
  Rendered racers/index.html.erb within layouts/application (352.1ms)
Completed 200 OK in 371ms (Views: 370.2ms | ActiveRecord: 0.0ms)


Started GET "/assets/jquery.self-bd7ddd393353a8d2480a622e80342adf488fb6006d667e8b42e4c0073393abee.js?body=1" for 127.0.0.1 at 2016-10-22 17:17:13 -0400


Started GET "/assets/turbolinks.self-c5acd7a204f5f25ce7a1d8a0e4d92e28d34c9e2df2c7371cd7af88e147e4ad82.js?body=1" for 127.0.0.1 at 2016-10-22 17:17:13 -0400


Started GET "/assets/jquery_ujs.self-784a997f6726036b1993eb2217c9cb558e1cbb801c6da88105588c56f13b466a.js?body=1" for 127.0.0.1 at 2016-10-22 17:17:13 -0400


Started GET "/assets/application.self-e80e8f2318043e8af94dddc2adad5a4f09739a8ebb323b3ab31cd71d45fd9113.css?body=1" for 127.0.0.1 at 2016-10-22 17:17:13 -0400


Started GET "/assets/application.self-3b8dabdc891efe46b9a144b400ad69e37d7e5876bdc39dee783419a69d7ca819.js?body=1" for 127.0.0.1 at 2016-10-22 17:17:13 -0400


Started GET "/racers" for 127.0.0.1 at 2016-10-22 17:17:41 -0400
Processing by RacersController#index as HTML
MONGODB | localhost:27017 | raceday_development.find | STARTED | {"find"=>"racers", "filter"=>{}, "sort"=>{"number"=>1}, "skip"=>0}
MONGODB | localhost:27017 | raceday_development.find | SUCCEEDED | 0.005383440000000001s
MONGODB | localhost:27017 | raceday_development.getMore | STARTED | {"getMore"=>57429098847, "collection"=>"racers"}
MONGODB | localhost:27017 | raceday_development.getMore | SUCCEEDED | 0.033365520999999995s
  Rendered racers/index.html.erb within layouts/application (360.8ms)
Completed 200 OK in 379ms (Views: 377.9ms | ActiveRecord: 0.0ms)


Started GET "/assets/jquery.self-bd7ddd393353a8d2480a622e80342adf488fb6006d667e8b42e4c0073393abee.js?body=1" for 127.0.0.1 at 2016-10-22 17:17:42 -0400


Started GET "/assets/turbolinks.self-c5acd7a204f5f25ce7a1d8a0e4d92e28d34c9e2df2c7371cd7af88e147e4ad82.js?body=1" for 127.0.0.1 at 2016-10-22 17:17:42 -0400


Started GET "/assets/application.self-e80e8f2318043e8af94dddc2adad5a4f09739a8ebb323b3ab31cd71d45fd9113.css?body=1" for 127.0.0.1 at 2016-10-22 17:17:42 -0400


Started GET "/assets/application.self-3b8dabdc891efe46b9a144b400ad69e37d7e5876bdc39dee783419a69d7ca819.js?body=1" for 127.0.0.1 at 2016-10-22 17:17:42 -0400


Started GET "/assets/jquery_ujs.self-784a997f6726036b1993eb2217c9cb558e1cbb801c6da88105588c56f13b466a.js?body=1" for 127.0.0.1 at 2016-10-22 17:17:42 -0400


Started GET "/racers" for 127.0.0.1 at 2016-10-22 17:17:47 -0400
Processing by RacersController#index as HTML
MONGODB | localhost:27017 | raceday_development.find | STARTED | {"find"=>"racers", "filter"=>{}, "sort"=>{"number"=>1}, "skip"=>0}
MONGODB | localhost:27017 | raceday_development.find | SUCCEEDED | 0.005266094s
MONGODB | localhost:27017 | raceday_development.getMore | STARTED | {"getMore"=>56218994066, "collection"=>"racers"}
MONGODB | localhost:27017 | raceday_development.getMore | SUCCEEDED | 0.021929126s
  Rendered racers/index.html.erb within layouts/application (431.9ms)
Completed 200 OK in 459ms (Views: 457.5ms | ActiveRecord: 0.0ms)


Started GET "/assets/turbolinks.self-c5acd7a204f5f25ce7a1d8a0e4d92e28d34c9e2df2c7371cd7af88e147e4ad82.js?body=1" for 127.0.0.1 at 2016-10-22 17:17:47 -0400


Started GET "/assets/jquery.self-bd7ddd393353a8d2480a622e80342adf488fb6006d667e8b42e4c0073393abee.js?body=1" for 127.0.0.1 at 2016-10-22 17:17:47 -0400


Started GET "/assets/application.self-e80e8f2318043e8af94dddc2adad5a4f09739a8ebb323b3ab31cd71d45fd9113.css?body=1" for 127.0.0.1 at 2016-10-22 17:17:47 -0400


Started GET "/assets/application.self-3b8dabdc891efe46b9a144b400ad69e37d7e5876bdc39dee783419a69d7ca819.js?body=1" for 127.0.0.1 at 2016-10-22 17:17:47 -0400


Started GET "/assets/jquery_ujs.self-784a997f6726036b1993eb2217c9cb558e1cbb801c6da88105588c56f13b466a.js?body=1" for 127.0.0.1 at 2016-10-22 17:17:47 -0400


Started GET "/racers" for 127.0.0.1 at 2016-10-22 21:16:44 -0400
Processing by RacersController#index as HTML
MONGODB | localhost:27017 | raceday_development.find | STARTED | {"find"=>"racers", "filter"=>{}, "sort"=>{"number"=>1}, "skip"=>0}
MONGODB | localhost:27017 | raceday_development.find | SUCCEEDED | 0.0049694119999999994s
MONGODB | localhost:27017 | raceday_development.getMore | STARTED | {"getMore"=>58487011005, "collection"=>"racers"}
MONGODB | localhost:27017 | raceday_development.getMore | SUCCEEDED | 0.016399036s
  Rendered racers/index.html.erb within layouts/application (297.7ms)
Completed 200 OK in 338ms (Views: 334.0ms | ActiveRecord: 0.0ms)


Started GET "/assets/jquery.self-bd7ddd393353a8d2480a622e80342adf488fb6006d667e8b42e4c0073393abee.js?body=1" for 127.0.0.1 at 2016-10-22 21:16:44 -0400


Started GET "/assets/jquery_ujs.self-784a997f6726036b1993eb2217c9cb558e1cbb801c6da88105588c56f13b466a.js?body=1" for 127.0.0.1 at 2016-10-22 21:16:44 -0400


Started GET "/assets/application.self-e80e8f2318043e8af94dddc2adad5a4f09739a8ebb323b3ab31cd71d45fd9113.css?body=1" for 127.0.0.1 at 2016-10-22 21:16:44 -0400


Started GET "/assets/application.self-3b8dabdc891efe46b9a144b400ad69e37d7e5876bdc39dee783419a69d7ca819.js?body=1" for 127.0.0.1 at 2016-10-22 21:16:44 -0400


Started GET "/assets/turbolinks.self-c5acd7a204f5f25ce7a1d8a0e4d92e28d34c9e2df2c7371cd7af88e147e4ad82.js?body=1" for 127.0.0.1 at 2016-10-22 21:16:44 -0400


Started GET "/" for 127.0.0.1 at 2016-10-22 21:16:58 -0400
Processing by RacersController#index as HTML
MONGODB | localhost:27017 | raceday_development.find | STARTED | {"find"=>"racers", "filter"=>{}, "sort"=>{"number"=>1}, "skip"=>0}
MONGODB | localhost:27017 | raceday_development.find | SUCCEEDED | 0.004542472s
MONGODB | localhost:27017 | raceday_development.getMore | STARTED | {"getMore"=>59892838087, "collection"=>"racers"}
MONGODB | localhost:27017 | raceday_development.getMore | SUCCEEDED | 0.01707208s
  Rendered racers/index.html.erb within layouts/application (314.8ms)
Completed 200 OK in 334ms (Views: 332.8ms | ActiveRecord: 0.0ms)


Started GET "/" for 127.0.0.1 at 2016-10-22 21:24:29 -0400
Processing by RacersController#index as HTML
MONGODB | localhost:27017 | raceday_development.find | STARTED | {"find"=>"racers", "filter"=>{}, "sort"=>{"number"=>1}, "skip"=>0}
MONGODB | localhost:27017 | raceday_development.find | SUCCEEDED | 0.007560828s
MONGODB | localhost:27017 | raceday_development.getMore | STARTED | {"getMore"=>60044560861, "collection"=>"racers"}
MONGODB | localhost:27017 | raceday_development.getMore | SUCCEEDED | 0.016324639000000002s
  Rendered racers/index.html.erb within layouts/application (305.3ms)
Completed 200 OK in 327ms (Views: 322.9ms | ActiveRecord: 0.0ms)


Started GET "/assets/jquery.self-bd7ddd393353a8d2480a622e80342adf488fb6006d667e8b42e4c0073393abee.js?body=1" for 127.0.0.1 at 2016-10-22 21:24:29 -0400


Started GET "/assets/application.self-e80e8f2318043e8af94dddc2adad5a4f09739a8ebb323b3ab31cd71d45fd9113.css?body=1" for 127.0.0.1 at 2016-10-22 21:24:29 -0400


Started GET "/assets/turbolinks.self-c5acd7a204f5f25ce7a1d8a0e4d92e28d34c9e2df2c7371cd7af88e147e4ad82.js?body=1" for 127.0.0.1 at 2016-10-22 21:24:29 -0400


Started GET "/assets/jquery_ujs.self-784a997f6726036b1993eb2217c9cb558e1cbb801c6da88105588c56f13b466a.js?body=1" for 127.0.0.1 at 2016-10-22 21:24:29 -0400


Started GET "/assets/application.self-3b8dabdc891efe46b9a144b400ad69e37d7e5876bdc39dee783419a69d7ca819.js?body=1" for 127.0.0.1 at 2016-10-22 21:24:29 -0400


Started GET "/" for 127.0.0.1 at 2016-10-22 21:39:00 -0400
Processing by RacersController#index as HTML
MONGODB | localhost:27017 | raceday_development.find | STARTED | {"find"=>"racers", "filter"=>{}, "sort"=>{"number"=>1}, "skip"=>0, "limit"=>30}
MONGODB | localhost:27017 | raceday_development.find | SUCCEEDED | 0.004621323s
MONGODB | localhost:27017 | raceday_development.count | STARTED | {"count"=>"racers", "query"=>{}}
MONGODB | localhost:27017 | raceday_development.count | SUCCEEDED | 0.000199314s
  Rendered racers/index.html.erb within layouts/application (12.5ms)
Completed 200 OK in 39ms (Views: 29.0ms | ActiveRecord: 0.0ms)


Started GET "/assets/application.self-e80e8f2318043e8af94dddc2adad5a4f09739a8ebb323b3ab31cd71d45fd9113.css?body=1" for 127.0.0.1 at 2016-10-22 21:39:00 -0400


Started GET "/assets/turbolinks.self-c5acd7a204f5f25ce7a1d8a0e4d92e28d34c9e2df2c7371cd7af88e147e4ad82.js?body=1" for 127.0.0.1 at 2016-10-22 21:39:00 -0400


Started GET "/assets/jquery_ujs.self-784a997f6726036b1993eb2217c9cb558e1cbb801c6da88105588c56f13b466a.js?body=1" for 127.0.0.1 at 2016-10-22 21:39:00 -0400


Started GET "/assets/jquery.self-bd7ddd393353a8d2480a622e80342adf488fb6006d667e8b42e4c0073393abee.js?body=1" for 127.0.0.1 at 2016-10-22 21:39:00 -0400


Started GET "/assets/application.self-3b8dabdc891efe46b9a144b400ad69e37d7e5876bdc39dee783419a69d7ca819.js?body=1" for 127.0.0.1 at 2016-10-22 21:39:00 -0400


Started GET "/" for 127.0.0.1 at 2016-10-22 21:52:50 -0400
Processing by RacersController#index as HTML
MONGODB | Adding localhost:27017 to the cluster.
MONGODB | localhost:27017 | raceday_development.find | STARTED | {"find"=>"racers", "filter"=>{}, "sort"=>{"number"=>1}, "skip"=>0, "limit"=>30}
MONGODB | localhost:27017 | raceday_development.find | SUCCEEDED | 0.005881515s
MONGODB | localhost:27017 | raceday_development.count | STARTED | {"count"=>"racers", "query"=>{}}
MONGODB | localhost:27017 | raceday_development.count | SUCCEEDED | 0.00034303199999999995s
  Rendered racers/index.html.erb within layouts/application (38.5ms)
Completed 200 OK in 555ms (Views: 510.9ms | ActiveRecord: 0.0ms)
